{"C:\\Isabel\\Boot Camp\\Full Stack Immersion\\meet\\src\\App.js": {"path":"C:\\Isabel\\Boot Camp\\Full Stack Immersion\\meet\\src\\App.js","statementMap":{"0":{"start":{"line":9,"column":30},"end":{"line":9,"column":42}},"1":{"start":{"line":10,"column":38},"end":{"line":10,"column":50}},"2":{"start":{"line":11,"column":42},"end":{"line":11,"column":54}},"3":{"start":{"line":12,"column":40},"end":{"line":12,"column":66}},"4":{"start":{"line":14,"column":2},"end":{"line":16,"column":20}},"5":{"start":{"line":15,"column":4},"end":{"line":15,"column":16}},"6":{"start":{"line":18,"column":20},"end":{"line":25,"column":3}},"7":{"start":{"line":19,"column":22},"end":{"line":19,"column":39}},"8":{"start":{"line":20,"column":27},"end":{"line":22,"column":63}},"9":{"start":{"line":22,"column":32},"end":{"line":22,"column":62}},"10":{"start":{"line":23,"column":4},"end":{"line":23,"column":51}},"11":{"start":{"line":24,"column":4},"end":{"line":24,"column":49}},"12":{"start":{"line":27,"column":2},"end":{"line":33,"column":4}}},"fnMap":{"0":{"name":"App","decl":{"start":{"line":8,"column":9},"end":{"line":8,"column":12}},"loc":{"start":{"line":8,"column":15},"end":{"line":34,"column":1}},"line":8},"1":{"name":"(anonymous_1)","decl":{"start":{"line":14,"column":12},"end":{"line":14,"column":13}},"loc":{"start":{"line":14,"column":18},"end":{"line":16,"column":3}},"line":14},"2":{"name":"(anonymous_2)","decl":{"start":{"line":18,"column":20},"end":{"line":18,"column":21}},"loc":{"start":{"line":18,"column":32},"end":{"line":25,"column":3}},"line":18},"3":{"name":"(anonymous_3)","decl":{"start":{"line":22,"column":23},"end":{"line":22,"column":24}},"loc":{"start":{"line":22,"column":32},"end":{"line":22,"column":62}},"line":22}},"branchMap":{"0":{"loc":{"start":{"line":20,"column":27},"end":{"line":22,"column":63}},"type":"cond-expr","locations":[{"start":{"line":21,"column":6},"end":{"line":21,"column":15}},{"start":{"line":22,"column":6},"end":{"line":22,"column":63}}],"line":20}},"s":{"0":13,"1":11,"2":11,"3":11,"4":11,"5":7,"6":11,"7":7,"8":7,"9":35,"10":7,"11":7,"12":11},"f":{"0":13,"1":7,"2":7,"3":35},"b":{"0":[6,1]},"_coverageSchema":"1a1c01bbd47fc00a2c39e90264f33305004495a9","hash":"7171625f4c2c3fde1bf9a9bdc69603c6e517e173"}
,"C:\\Isabel\\Boot Camp\\Full Stack Immersion\\meet\\src\\api.js": {"path":"C:\\Isabel\\Boot Camp\\Full Stack Immersion\\meet\\src\\api.js","statementMap":{"0":{"start":{"line":11,"column":32},"end":{"line":15,"column":1}},"1":{"start":{"line":12,"column":29},"end":{"line":12,"column":66}},"2":{"start":{"line":12,"column":51},"end":{"line":12,"column":65}},"3":{"start":{"line":13,"column":20},"end":{"line":13,"column":52}},"4":{"start":{"line":14,"column":2},"end":{"line":14,"column":19}},"5":{"start":{"line":18,"column":19},"end":{"line":24,"column":1}},"6":{"start":{"line":19,"column":19},"end":{"line":21,"column":3}},"7":{"start":{"line":22,"column":17},"end":{"line":22,"column":38}},"8":{"start":{"line":23,"column":2},"end":{"line":23,"column":16}},"9":{"start":{"line":27,"column":20},"end":{"line":40,"column":1}},"10":{"start":{"line":29,"column":2},"end":{"line":39,"column":3}},"11":{"start":{"line":30,"column":4},"end":{"line":34,"column":31}},"12":{"start":{"line":35,"column":4},"end":{"line":35,"column":45}},"13":{"start":{"line":37,"column":4},"end":{"line":37,"column":68}},"14":{"start":{"line":38,"column":4},"end":{"line":38,"column":45}},"15":{"start":{"line":43,"column":17},"end":{"line":52,"column":1}},"16":{"start":{"line":44,"column":21},"end":{"line":44,"column":45}},"17":{"start":{"line":45,"column":19},"end":{"line":47,"column":3}},"18":{"start":{"line":48,"column":27},"end":{"line":48,"column":48}},"19":{"start":{"line":49,"column":2},"end":{"line":49,"column":69}},"20":{"start":{"line":51,"column":2},"end":{"line":51,"column":22}},"21":{"start":{"line":55,"column":25},"end":{"line":71,"column":1}},"22":{"start":{"line":56,"column":2},"end":{"line":58,"column":3}},"23":{"start":{"line":57,"column":4},"end":{"line":57,"column":20}},"24":{"start":{"line":60,"column":16},"end":{"line":60,"column":38}},"25":{"start":{"line":62,"column":2},"end":{"line":70,"column":3}},"26":{"start":{"line":63,"column":4},"end":{"line":63,"column":18}},"27":{"start":{"line":64,"column":16},"end":{"line":64,"column":108}},"28":{"start":{"line":65,"column":21},"end":{"line":65,"column":37}},"29":{"start":{"line":66,"column":19},"end":{"line":66,"column":40}},"30":{"start":{"line":67,"column":4},"end":{"line":69,"column":23}},"31":{"start":{"line":68,"column":6},"end":{"line":68,"column":27}},"32":{"start":{"line":69,"column":11},"end":{"line":69,"column":23}},"33":{"start":{"line":74,"column":30},"end":{"line":94,"column":1}},"34":{"start":{"line":75,"column":22},"end":{"line":75,"column":58}},"35":{"start":{"line":77,"column":21},"end":{"line":77,"column":67}},"36":{"start":{"line":79,"column":2},"end":{"line":92,"column":3}},"37":{"start":{"line":80,"column":4},"end":{"line":80,"column":50}},"38":{"start":{"line":81,"column":25},"end":{"line":81,"column":68}},"39":{"start":{"line":82,"column":17},"end":{"line":82,"column":47}},"40":{"start":{"line":83,"column":4},"end":{"line":90,"column":5}},"41":{"start":{"line":84,"column":23},"end":{"line":86,"column":7}},"42":{"start":{"line":87,"column":21},"end":{"line":87,"column":42}},"43":{"start":{"line":88,"column":26},"end":{"line":88,"column":32}},"44":{"start":{"line":89,"column":6},"end":{"line":89,"column":46}},"45":{"start":{"line":91,"column":4},"end":{"line":91,"column":34}},"46":{"start":{"line":93,"column":2},"end":{"line":93,"column":20}}},"fnMap":{"0":{"name":"(anonymous_0)","decl":{"start":{"line":11,"column":32},"end":{"line":11,"column":33}},"loc":{"start":{"line":11,"column":44},"end":{"line":15,"column":1}},"line":11},"1":{"name":"(anonymous_1)","decl":{"start":{"line":12,"column":40},"end":{"line":12,"column":41}},"loc":{"start":{"line":12,"column":51},"end":{"line":12,"column":65}},"line":12},"2":{"name":"(anonymous_2)","decl":{"start":{"line":18,"column":19},"end":{"line":18,"column":20}},"loc":{"start":{"line":18,"column":42},"end":{"line":24,"column":1}},"line":18},"3":{"name":"(anonymous_3)","decl":{"start":{"line":27,"column":20},"end":{"line":27,"column":21}},"loc":{"start":{"line":27,"column":26},"end":{"line":40,"column":1}},"line":27},"4":{"name":"(anonymous_4)","decl":{"start":{"line":43,"column":17},"end":{"line":43,"column":18}},"loc":{"start":{"line":43,"column":33},"end":{"line":52,"column":1}},"line":43},"5":{"name":"(anonymous_5)","decl":{"start":{"line":55,"column":25},"end":{"line":55,"column":26}},"loc":{"start":{"line":55,"column":37},"end":{"line":71,"column":1}},"line":55},"6":{"name":"(anonymous_6)","decl":{"start":{"line":74,"column":30},"end":{"line":74,"column":31}},"loc":{"start":{"line":74,"column":42},"end":{"line":94,"column":1}},"line":74}},"branchMap":{"0":{"loc":{"start":{"line":29,"column":2},"end":{"line":39,"column":3}},"type":"if","locations":[{"start":{"line":29,"column":2},"end":{"line":39,"column":3}},{"start":{"line":36,"column":9},"end":{"line":39,"column":3}}],"line":29},"1":{"loc":{"start":{"line":29,"column":6},"end":{"line":29,"column":58}},"type":"binary-expr","locations":[{"start":{"line":29,"column":6},"end":{"line":29,"column":30}},{"start":{"line":29,"column":34},"end":{"line":29,"column":58}}],"line":29},"2":{"loc":{"start":{"line":49,"column":2},"end":{"line":49,"column":68}},"type":"binary-expr","locations":[{"start":{"line":49,"column":2},"end":{"line":49,"column":14}},{"start":{"line":49,"column":18},"end":{"line":49,"column":68}}],"line":49},"3":{"loc":{"start":{"line":56,"column":2},"end":{"line":58,"column":3}},"type":"if","locations":[{"start":{"line":56,"column":2},"end":{"line":58,"column":3}},{"start":{},"end":{}}],"line":56},"4":{"loc":{"start":{"line":62,"column":2},"end":{"line":70,"column":3}},"type":"if","locations":[{"start":{"line":62,"column":2},"end":{"line":70,"column":3}},{"start":{},"end":{}}],"line":62},"5":{"loc":{"start":{"line":67,"column":4},"end":{"line":69,"column":23}},"type":"if","locations":[{"start":{"line":67,"column":4},"end":{"line":69,"column":23}},{"start":{"line":69,"column":11},"end":{"line":69,"column":23}}],"line":67},"6":{"loc":{"start":{"line":77,"column":21},"end":{"line":77,"column":67}},"type":"binary-expr","locations":[{"start":{"line":77,"column":21},"end":{"line":77,"column":32}},{"start":{"line":77,"column":37},"end":{"line":77,"column":66}}],"line":77},"7":{"loc":{"start":{"line":79,"column":2},"end":{"line":92,"column":3}},"type":"if","locations":[{"start":{"line":79,"column":2},"end":{"line":92,"column":3}},{"start":{},"end":{}}],"line":79},"8":{"loc":{"start":{"line":79,"column":6},"end":{"line":79,"column":38}},"type":"binary-expr","locations":[{"start":{"line":79,"column":6},"end":{"line":79,"column":18}},{"start":{"line":79,"column":22},"end":{"line":79,"column":38}}],"line":79},"9":{"loc":{"start":{"line":83,"column":4},"end":{"line":90,"column":5}},"type":"if","locations":[{"start":{"line":83,"column":4},"end":{"line":90,"column":5}},{"start":{},"end":{}}],"line":83},"10":{"loc":{"start":{"line":91,"column":11},"end":{"line":91,"column":33}},"type":"binary-expr","locations":[{"start":{"line":91,"column":11},"end":{"line":91,"column":15}},{"start":{"line":91,"column":19},"end":{"line":91,"column":33}}],"line":91}},"s":{"0":4,"1":10,"2":350,"3":10,"4":10,"5":4,"6":0,"7":0,"8":0,"9":4,"10":0,"11":0,"12":0,"13":0,"14":0,"15":4,"16":0,"17":0,"18":0,"19":0,"20":0,"21":4,"22":18,"23":18,"24":0,"25":0,"26":0,"27":0,"28":0,"29":0,"30":0,"31":0,"32":0,"33":4,"34":0,"35":0,"36":0,"37":0,"38":0,"39":0,"40":0,"41":0,"42":0,"43":0,"44":0,"45":0,"46":0},"f":{"0":10,"1":350,"2":0,"3":0,"4":0,"5":18,"6":0},"b":{"0":[0,0],"1":[0,0],"2":[0,0],"3":[18,0],"4":[0,0],"5":[0,0],"6":[0,0],"7":[0,0],"8":[0,0],"9":[0,0],"10":[0,0]},"_coverageSchema":"1a1c01bbd47fc00a2c39e90264f33305004495a9","hash":"b484d6a678335c1e375b222c41bd8949172f427c"}
,"C:\\Isabel\\Boot Camp\\Full Stack Immersion\\meet\\src\\components\\CitySearch.js": {"path":"C:\\Isabel\\Boot Camp\\Full Stack Immersion\\meet\\src\\components\\CitySearch.js","statementMap":{"0":{"start":{"line":3,"column":19},"end":{"line":51,"column":1}},"1":{"start":{"line":4,"column":48},"end":{"line":4,"column":63}},"2":{"start":{"line":5,"column":28},"end":{"line":5,"column":40}},"3":{"start":{"line":6,"column":40},"end":{"line":6,"column":52}},"4":{"start":{"line":8,"column":2},"end":{"line":10,"column":26}},"5":{"start":{"line":9,"column":4},"end":{"line":9,"column":33}},"6":{"start":{"line":12,"column":29},"end":{"line":19,"column":3}},"7":{"start":{"line":13,"column":18},"end":{"line":13,"column":36}},"8":{"start":{"line":14,"column":30},"end":{"line":16,"column":11}},"9":{"start":{"line":15,"column":6},"end":{"line":15,"column":70}},"10":{"start":{"line":17,"column":4},"end":{"line":17,"column":20}},"11":{"start":{"line":18,"column":4},"end":{"line":18,"column":38}},"12":{"start":{"line":21,"column":28},"end":{"line":26,"column":3}},"13":{"start":{"line":22,"column":18},"end":{"line":22,"column":42}},"14":{"start":{"line":23,"column":4},"end":{"line":23,"column":20}},"15":{"start":{"line":24,"column":4},"end":{"line":24,"column":30}},"16":{"start":{"line":25,"column":4},"end":{"line":25,"column":26}},"17":{"start":{"line":28,"column":2},"end":{"line":50,"column":3}},"18":{"start":{"line":35,"column":23},"end":{"line":35,"column":47}},"19":{"start":{"line":41,"column":12},"end":{"line":41,"column":87}}},"fnMap":{"0":{"name":"(anonymous_0)","decl":{"start":{"line":3,"column":19},"end":{"line":3,"column":20}},"loc":{"start":{"line":3,"column":57},"end":{"line":51,"column":1}},"line":3},"1":{"name":"(anonymous_1)","decl":{"start":{"line":8,"column":12},"end":{"line":8,"column":13}},"loc":{"start":{"line":8,"column":18},"end":{"line":10,"column":3}},"line":8},"2":{"name":"(anonymous_2)","decl":{"start":{"line":12,"column":29},"end":{"line":12,"column":30}},"loc":{"start":{"line":12,"column":40},"end":{"line":19,"column":3}},"line":12},"3":{"name":"(anonymous_3)","decl":{"start":{"line":14,"column":65},"end":{"line":14,"column":66}},"loc":{"start":{"line":14,"column":79},"end":{"line":16,"column":5}},"line":14},"4":{"name":"(anonymous_4)","decl":{"start":{"line":21,"column":28},"end":{"line":21,"column":29}},"loc":{"start":{"line":21,"column":39},"end":{"line":26,"column":3}},"line":21},"5":{"name":"(anonymous_5)","decl":{"start":{"line":35,"column":17},"end":{"line":35,"column":18}},"loc":{"start":{"line":35,"column":23},"end":{"line":35,"column":47}},"line":35},"6":{"name":"(anonymous_6)","decl":{"start":{"line":40,"column":27},"end":{"line":40,"column":28}},"loc":{"start":{"line":40,"column":44},"end":{"line":42,"column":11}},"line":40}},"branchMap":{"0":{"loc":{"start":{"line":14,"column":30},"end":{"line":16,"column":11}},"type":"cond-expr","locations":[{"start":{"line":14,"column":45},"end":{"line":16,"column":6}},{"start":{"line":16,"column":9},"end":{"line":16,"column":11}}],"line":14},"1":{"loc":{"start":{"line":38,"column":7},"end":{"line":47,"column":14}},"type":"cond-expr","locations":[{"start":{"line":39,"column":8},"end":{"line":46,"column":13}},{"start":{"line":47,"column":10},"end":{"line":47,"column":14}}],"line":38}},"s":{"0":3,"1":57,"2":57,"3":57,"4":57,"5":16,"6":57,"7":18,"8":18,"9":36,"10":18,"11":18,"12":57,"13":2,"14":2,"15":2,"16":2,"17":57,"18":5,"19":26},"f":{"0":57,"1":16,"2":18,"3":36,"4":2,"5":5,"6":26},"b":{"0":[18,0],"1":[25,32]},"_coverageSchema":"1a1c01bbd47fc00a2c39e90264f33305004495a9","hash":"2938d30d2e2ea1c7dbec0adcd3bd81471dc50a29"}
,"C:\\Isabel\\Boot Camp\\Full Stack Immersion\\meet\\src\\components\\Event.js": {"path":"C:\\Isabel\\Boot Camp\\Full Stack Immersion\\meet\\src\\components\\Event.js","statementMap":{"0":{"start":{"line":3,"column":14},"end":{"line":19,"column":1}},"1":{"start":{"line":4,"column":40},"end":{"line":4,"column":55}},"2":{"start":{"line":5,"column":4},"end":{"line":18,"column":5}},"3":{"start":{"line":15,"column":10},"end":{"line":15,"column":68}}},"fnMap":{"0":{"name":"(anonymous_0)","decl":{"start":{"line":3,"column":14},"end":{"line":3,"column":15}},"loc":{"start":{"line":3,"column":27},"end":{"line":19,"column":1}},"line":3},"1":{"name":"(anonymous_1)","decl":{"start":{"line":14,"column":49},"end":{"line":14,"column":50}},"loc":{"start":{"line":14,"column":55},"end":{"line":16,"column":9}},"line":14}},"branchMap":{"0":{"loc":{"start":{"line":7,"column":13},"end":{"line":7,"column":35}},"type":"binary-expr","locations":[{"start":{"line":7,"column":13},"end":{"line":7,"column":18}},{"start":{"line":7,"column":22},"end":{"line":7,"column":35}}],"line":7},"1":{"loc":{"start":{"line":8,"column":12},"end":{"line":8,"column":35}},"type":"binary-expr","locations":[{"start":{"line":8,"column":12},"end":{"line":8,"column":17}},{"start":{"line":8,"column":21},"end":{"line":8,"column":35}}],"line":8},"2":{"loc":{"start":{"line":9,"column":12},"end":{"line":9,"column":60}},"type":"binary-expr","locations":[{"start":{"line":9,"column":12},"end":{"line":9,"column":17}},{"start":{"line":9,"column":21},"end":{"line":9,"column":60}}],"line":9},"3":{"loc":{"start":{"line":10,"column":9},"end":{"line":12,"column":14}},"type":"cond-expr","locations":[{"start":{"line":11,"column":10},"end":{"line":11,"column":65}},{"start":{"line":12,"column":10},"end":{"line":12,"column":14}}],"line":10},"4":{"loc":{"start":{"line":11,"column":34},"end":{"line":11,"column":60}},"type":"binary-expr","locations":[{"start":{"line":11,"column":34},"end":{"line":11,"column":39}},{"start":{"line":11,"column":43},"end":{"line":11,"column":60}}],"line":11},"5":{"loc":{"start":{"line":15,"column":10},"end":{"line":15,"column":68}},"type":"cond-expr","locations":[{"start":{"line":15,"column":24},"end":{"line":15,"column":45}},{"start":{"line":15,"column":48},"end":{"line":15,"column":68}}],"line":15},"6":{"loc":{"start":{"line":16,"column":12},"end":{"line":16,"column":57}},"type":"cond-expr","locations":[{"start":{"line":16,"column":26},"end":{"line":16,"column":40}},{"start":{"line":16,"column":43},"end":{"line":16,"column":57}}],"line":16}},"s":{"0":4,"1":189,"2":189,"3":3},"f":{"0":189,"1":3},"b":{"0":[189,189],"1":[189,189],"2":[189,189],"3":[2,187],"4":[2,2],"5":[1,2],"6":[2,187]},"_coverageSchema":"1a1c01bbd47fc00a2c39e90264f33305004495a9","hash":"4c09a3aec06708b2fa25a6cf37e49f8342c6624f"}
,"C:\\Isabel\\Boot Camp\\Full Stack Immersion\\meet\\src\\components\\EventList.js": {"path":"C:\\Isabel\\Boot Camp\\Full Stack Immersion\\meet\\src\\components\\EventList.js","statementMap":{"0":{"start":{"line":3,"column":18},"end":{"line":9,"column":1}},"1":{"start":{"line":4,"column":4},"end":{"line":8,"column":6}},"2":{"start":{"line":6,"column":38},"end":{"line":6,"column":76}}},"fnMap":{"0":{"name":"(anonymous_0)","decl":{"start":{"line":3,"column":18},"end":{"line":3,"column":19}},"loc":{"start":{"line":3,"column":34},"end":{"line":9,"column":1}},"line":3},"1":{"name":"(anonymous_1)","decl":{"start":{"line":6,"column":29},"end":{"line":6,"column":30}},"loc":{"start":{"line":6,"column":38},"end":{"line":6,"column":76}},"line":6}},"branchMap":{"0":{"loc":{"start":{"line":6,"column":9},"end":{"line":6,"column":83}},"type":"cond-expr","locations":[{"start":{"line":6,"column":18},"end":{"line":6,"column":77}},{"start":{"line":6,"column":79},"end":{"line":6,"column":83}}],"line":6}},"s":{"0":3,"1":14,"2":180},"f":{"0":14,"1":180},"b":{"0":[12,2]},"_coverageSchema":"1a1c01bbd47fc00a2c39e90264f33305004495a9","hash":"96f1d1235c57f57f90ec5bf83f44d4cff8d35640"}
,"C:\\Isabel\\Boot Camp\\Full Stack Immersion\\meet\\src\\components\\NumberOfEvents.js": {"path":"C:\\Isabel\\Boot Camp\\Full Stack Immersion\\meet\\src\\components\\NumberOfEvents.js","statementMap":{"0":{"start":{"line":3,"column":23},"end":{"line":24,"column":1}},"1":{"start":{"line":5,"column":32},"end":{"line":5,"column":46}},"2":{"start":{"line":7,"column":31},"end":{"line":10,"column":5}},"3":{"start":{"line":8,"column":22},"end":{"line":8,"column":40}},"4":{"start":{"line":9,"column":8},"end":{"line":9,"column":25}},"5":{"start":{"line":12,"column":4},"end":{"line":23,"column":6}}},"fnMap":{"0":{"name":"(anonymous_0)","decl":{"start":{"line":3,"column":23},"end":{"line":3,"column":24}},"loc":{"start":{"line":3,"column":32},"end":{"line":24,"column":1}},"line":3},"1":{"name":"(anonymous_1)","decl":{"start":{"line":7,"column":31},"end":{"line":7,"column":32}},"loc":{"start":{"line":7,"column":42},"end":{"line":10,"column":5}},"line":7}},"branchMap":{},"s":{"0":4,"1":18,"2":18,"3":4,"4":4,"5":18},"f":{"0":18,"1":4},"b":{},"_coverageSchema":"1a1c01bbd47fc00a2c39e90264f33305004495a9","hash":"23f46d23dcec9adbf2d30a04e9110acec473cb2c"}
}
