TN:
SF:src\App.js
FN:8,App
FN:14,(anonymous_1)
FN:18,(anonymous_2)
FN:22,(anonymous_3)
FNF:4
FNH:4
FNDA:13,App
FNDA:7,(anonymous_1)
FNDA:7,(anonymous_2)
FNDA:35,(anonymous_3)
DA:9,13
DA:10,11
DA:11,11
DA:12,11
DA:14,11
DA:15,7
DA:18,11
DA:19,7
DA:20,7
DA:22,35
DA:23,7
DA:24,7
DA:27,11
LF:13
LH:13
BRDA:20,0,0,6
BRDA:20,0,1,1
BRF:2
BRH:2
end_of_record
TN:
SF:src\api.js
FN:11,(anonymous_0)
FN:12,(anonymous_1)
FN:18,(anonymous_2)
FN:27,(anonymous_3)
FN:43,(anonymous_4)
FN:55,(anonymous_5)
FN:74,(anonymous_6)
FNF:7
FNH:3
FNDA:10,(anonymous_0)
FNDA:350,(anonymous_1)
FNDA:0,(anonymous_2)
FNDA:0,(anonymous_3)
FNDA:0,(anonymous_4)
FNDA:18,(anonymous_5)
FNDA:0,(anonymous_6)
DA:11,4
DA:12,350
DA:13,10
DA:14,10
DA:18,4
DA:19,0
DA:22,0
DA:23,0
DA:27,4
DA:29,0
DA:30,0
DA:35,0
DA:37,0
DA:38,0
DA:43,4
DA:44,0
DA:45,0
DA:48,0
DA:49,0
DA:51,0
DA:55,4
DA:56,18
DA:57,18
DA:60,0
DA:62,0
DA:63,0
DA:64,0
DA:65,0
DA:66,0
DA:67,0
DA:68,0
DA:69,0
DA:74,4
DA:75,0
DA:77,0
DA:79,0
DA:80,0
DA:81,0
DA:82,0
DA:83,0
DA:84,0
DA:87,0
DA:88,0
DA:89,0
DA:91,0
DA:93,0
LF:46
LH:11
BRDA:29,0,0,0
BRDA:29,0,1,0
BRDA:29,1,0,0
BRDA:29,1,1,0
BRDA:49,2,0,0
BRDA:49,2,1,0
BRDA:56,3,0,18
BRDA:56,3,1,0
BRDA:62,4,0,0
BRDA:62,4,1,0
BRDA:67,5,0,0
BRDA:67,5,1,0
BRDA:77,6,0,0
BRDA:77,6,1,0
BRDA:79,7,0,0
BRDA:79,7,1,0
BRDA:79,8,0,0
BRDA:79,8,1,0
BRDA:83,9,0,0
BRDA:83,9,1,0
BRDA:91,10,0,0
BRDA:91,10,1,0
BRF:22
BRH:1
end_of_record
TN:
SF:src\components\CitySearch.js
FN:3,(anonymous_0)
FN:8,(anonymous_1)
FN:12,(anonymous_2)
FN:14,(anonymous_3)
FN:21,(anonymous_4)
FN:35,(anonymous_5)
FN:40,(anonymous_6)
FNF:7
FNH:7
FNDA:57,(anonymous_0)
FNDA:16,(anonymous_1)
FNDA:18,(anonymous_2)
FNDA:36,(anonymous_3)
FNDA:2,(anonymous_4)
FNDA:5,(anonymous_5)
FNDA:26,(anonymous_6)
DA:3,3
DA:4,57
DA:5,57
DA:6,57
DA:8,57
DA:9,16
DA:12,57
DA:13,18
DA:14,18
DA:15,36
DA:17,18
DA:18,18
DA:21,57
DA:22,2
DA:23,2
DA:24,2
DA:25,2
DA:28,57
DA:35,5
DA:41,26
LF:20
LH:20
BRDA:14,0,0,18
BRDA:14,0,1,0
BRDA:38,1,0,25
BRDA:38,1,1,32
BRF:4
BRH:3
end_of_record
TN:
SF:src\components\Event.js
FN:3,(anonymous_0)
FN:14,(anonymous_1)
FNF:2
FNH:2
FNDA:189,(anonymous_0)
FNDA:3,(anonymous_1)
DA:3,4
DA:4,189
DA:5,189
DA:15,3
LF:4
LH:4
BRDA:7,0,0,189
BRDA:7,0,1,189
BRDA:8,1,0,189
BRDA:8,1,1,189
BRDA:9,2,0,189
BRDA:9,2,1,189
BRDA:10,3,0,2
BRDA:10,3,1,187
BRDA:11,4,0,2
BRDA:11,4,1,2
BRDA:15,5,0,1
BRDA:15,5,1,2
BRDA:16,6,0,2
BRDA:16,6,1,187
BRF:14
BRH:14
end_of_record
TN:
SF:src\components\EventList.js
FN:3,(anonymous_0)
FN:6,(anonymous_1)
FNF:2
FNH:2
FNDA:14,(anonymous_0)
FNDA:180,(anonymous_1)
DA:3,3
DA:4,14
DA:6,180
LF:3
LH:3
BRDA:6,0,0,12
BRDA:6,0,1,2
BRF:2
BRH:2
end_of_record
TN:
SF:src\components\NumberOfEvents.js
FN:3,(anonymous_0)
FN:7,(anonymous_1)
FNF:2
FNH:2
FNDA:18,(anonymous_0)
FNDA:4,(anonymous_1)
DA:3,4
DA:5,18
DA:7,18
DA:8,4
DA:9,4
DA:12,18
LF:6
LH:6
BRF:0
BRH:0
end_of_record
